0 info it worked if it ends with ok
1 verbose cli [ '/usr/local/Cellar/node/5.4.0/bin/node',
1 verbose cli   '/usr/local/bin/npm',
1 verbose cli   'install' ]
2 info using npm@3.10.10
3 info using node@v7.2.1
4 verbose stack Error: Cannot find module 'internal/fs'
4 verbose stack     at Function.Module._resolveFilename (module.js:470:15)
4 verbose stack     at Function.Module._load (module.js:418:25)
4 verbose stack     at Module.require (module.js:498:17)
4 verbose stack     at require (internal/module.js:20:19)
4 verbose stack     at evalmachine.<anonymous>:17:20
4 verbose stack     at Object.<anonymous> (/usr/local/lib/node_modules/npm/node_modules/cmd-shim/node_modules/graceful-fs/fs.js:11:1)
4 verbose stack     at Module._compile (module.js:571:32)
4 verbose stack     at Object.Module._extensions..js (module.js:580:10)
4 verbose stack     at Module.load (module.js:488:32)
4 verbose stack     at tryModuleLoad (module.js:447:12)
5 verbose cwd /Users/dylanzincone/Projects/socialpostalbackend
6 error Darwin 14.5.0
7 error argv "/usr/local/Cellar/node/5.4.0/bin/node" "/usr/local/bin/npm" "install"
8 error node v7.2.1
9 error npm  v3.10.10
10 error code MODULE_NOT_FOUND
11 error Cannot find module 'internal/fs'
12 error If you need help, you may report this error at:
12 error     <https://github.com/npm/npm/issues>
13 verbose exit [ 1, true ]
